  Time Use   jobID
  459:31:2   1700872.node96      
  369:47:0   1700875.node96      
  331:33:1   1701249.node96      
  08:39:45   1701252.node96      
         0   1701253.node96      
         0   1701254.node96      
         0   1701255.node96      
         0   1701256.node96      
         0   1701257.node96      
         0   1701258.node96      
         0   1701259.node96      
         0   1701260.node96      
         0   1701261.node96      
         0   1701262.node96      
         0   1701263.node96      
         0   1701264.node96      
         0   1701265.node96      
         0   1701266.node96      
         0   1701267.node96      
         0   1701268.node96      
         0   1701269.node96      
         0   1701270.node96      
         0   1701271.node96      
         0   1701272.node96      
  3573:56:   1705946.node96      
  266:02:1   1710335.node96      
  2931:24:   1711438.node96      
  2839:48:   1712380.node96      
  826:40:5   1715412.node96      
  543:52:4   1715420.node96      
  521:24:4   1715421.node96      
  486:33:5   1715422.node96      
  434:09:3   1715423.node96      
  399:31:4   1715424.node96      
  357:50:3   1715425.node96      
  2667:55:   1715462.node96      
  5277:44:   1715832.node96      
  5266:44:   1715835.node96      
         0   1716029.node96      
         0   1716037.node96      
         0   1716038.node96      
         0   1716046.node96      
         0   1716047.node96      
         0   1716055.node96      
         0   1716056.node96      
         0   1716064.node96      
         0   1716065.node96      
         0   1716073.node96      
         0   1716074.node96      
         0   1716082.node96      
         0   1716083.node96      
         0   1716091.node96      
         0   1716092.node96      
         0   1716100.node96      
         0   1716101.node96      
         0   1716109.node96      
         0   1716110.node96      
         0   1716118.node96      
         0   1716119.node96      
  229:50:3   1716122.node96      
  114:51:4   1716123.node96      
         0   1716127.node96      
         0   1716128.node96      
  47:12:36   1716130.node96      
  140:24:2   1716131.node96      
  87:52:45   1716132.node96      
         0   1716136.node96      
         0   1716137.node96      
  42:58:41   1716138.node96      
  14:04:21   1716139.node96      
  10:48:39   1716140.node96      
  01:22:17   1716141.node96      
  01:20:30   1716142.node96      
  01:22:24   1716143.node96      
  01:19:48   1716144.node96      
         0   1716145.node96      
         0   1716146.node96      
         0   1716147.node96      
         0   1716148.node96      
         0   1716149.node96      
         0   1716150.node96      
         0   1716151.node96      
         0   1716152.node96      
         0   1716153.node96      
         0   1716154.node96      
         0   1716155.node96      
         0   1716156.node96      
         0   1716157.node96      
         0   1716158.node96      
         0   1716159.node96      
         0   1716160.node96      
         0   1716161.node96      
         0   1716162.node96      
         0   1716163.node96      
         0   1716164.node96      
  1632:12:   1716177.node96      
  1304:49:   1716588.node96      
  1421:07:   1725318.node96      
  1418:24:   1725319.node96      
  1409:52:   1725320.node96      
  1404:48:   1725321.node96      
  1329:33:   1725322.node96      
  1333:20:   1725323.node96      
  1268:23:   1725324.node96      
  1268:17:   1725325.node96      
  1192:43:   1725326.node96      
  1141:30:   1725327.node96      
  1084:35:   1725328.node96      
  1018:40:   1725329.node96      
  937:24:0   1725330.node96      
  809:18:3   1725331.node96      
         0   1725332.node96      
         0   1725333.node96      
         0   1726909.node96      
         0   1726910.node96      
         0   1726911.node96      
         0   1726912.node96      
  1833:54:   1726927.node96      
  1829:01:   1726928.node96      
         0   1727462.node96      
         0   1727510.node96      
  62:37:31   1727516.node96      
  50:33:42   1727518.node96      
  30:59:10   1727522.node96      
  37:07:47   1727523.node96      
  32:24:50   1727524.node96      
  26:50:22   1727525.node96      
  25:22:37   1727526.node96      
  12:00:19   1727527.node96      
  09:23:06   1727528.node96      
         0   1727529.node96      
         0   1727530.node96      
         0   1727531.node96      
         0   1727532.node96      
         0   1727533.node96      
         0   1727534.node96      
         0   1727535.node96      
         0   1727536.node96      
         0   1727537.node96      
         0   1727538.node96      
         0   1727539.node96      
         0   1727540.node96      
         0   1727541.node96      
         0   1727542.node96      
         0   1727543.node96      
         0   1727544.node96      
         0   1727545.node96      
         0   1727546.node96      
         0   1727547.node96      
         0   1727548.node96      
         0   1727549.node96      
         0   1727550.node96      
         0   1727551.node96      
         0   1727552.node96      
         0   1727553.node96      
         0   1727554.node96      
         0   1727555.node96      
         0   1727556.node96      
         0   1727557.node96      
         0   1727558.node96      
         0   1727559.node96      
         0   1727560.node96      
         0   1727561.node96      
         0   1727562.node96      
         0   1727563.node96      
         0   1727564.node96      
         0   1727565.node96      
         0   1727566.node96      
         0   1727567.node96      
         0   1727568.node96      
         0   1727569.node96      
         0   1727645.node96      
         0   1728821.node96      
  199:18:2   1729477.node96      
  195:44:0   1729478.node96      
         0   1729479.node96      
         0   1729480.node96      
         0   1729481.node96      
         0   1729482.node96      
         0   1729483.node96      
         0   1729484.node96      
         0   1729485.node96      
         0   1729486.node96      
         0   1729487.node96      
         0   1729488.node96      
         0   1729489.node96      
         0   1729490.node96      
         0   1729491.node96      
         0   1729492.node96      
         0   1729493.node96      
         0   1729494.node96      
         0   1729495.node96      
         0   1729496.node96      
         0   1729497.node96      
         0   1729498.node96      
         0   1729499.node96      
         0   1729500.node96      
         0   1729501.node96      
         0   1729502.node96      
         0   1729503.node96      
         0   1729504.node96      
         0   1729505.node96      
         0   1729506.node96      
         0   1729507.node96      
         0   1729508.node96      
         0   1729509.node96      
         0   1729510.node96      
         0   1729511.node96      
         0   1729512.node96      
         0   1729513.node96      
         0   1729514.node96      
         0   1729515.node96      
         0   1729516.node96      
         0   1729517.node96      
         0   1729518.node96      
         0   1729519.node96      
         0   1729520.node96      
         0   1729521.node96      
         0   1729522.node96      
         0   1729523.node96      
         0   1729524.node96      
         0   1729525.node96      
         0   1729526.node96      
         0   1729527.node96      
         0   1729528.node96      
         0   1729529.node96      
         0   1729530.node96      
         0   1729531.node96      
         0   1729532.node96      
         0   1729533.node96      
         0   1729534.node96      
         0   1729535.node96      
         0   1729536.node96      
         0   1729537.node96      
         0   1729538.node96      
         0   1729539.node96      
         0   1729540.node96      
         0   1729541.node96      
  1060:56:   1729996.node96      
  86:04:52   1729997.node96      
  72:36:24   1729998.node96      
         0   1729999.node96      
         0   1730000.node96      
  387:40:3   1730027.node96      
  365:53:5   1730037.node96      
  04:16:18   1730055.node96      
  257:40:2   1730088.node96      
  118:28:3   1730089.node96      
  107:45:3   1730090.node96      
  81:01:20   1730091.node96      
         0   1730092.node96      
         0   1730093.node96      
         0   1730095.node96      
         0   1730096.node96      
         0   1730097.node96      
         0   1730098.node96      
         0   1730099.node96      
         0   1730100.node96      
         0   1730101.node96      
         0   1730102.node96      
         0   1730103.node96      
         0   1730104.node96      
         0   1730105.node96      
         0   1730106.node96      
         0   1730107.node96      
         0   1730108.node96      
         0   1730109.node96      
         0   1730110.node96      
         0   1730111.node96      
         0   1730112.node96      
         0   1730113.node96      
         0   1730114.node96      
         0   1730115.node96      
         0   1730116.node96      
         0   1730117.node96      
         0   1730118.node96      
         0   1730119.node96      
         0   1730120.node96      
         0   1730122.node96      
         0   1730123.node96      
         0   1730124.node96      
         0   1730125.node96      
         0   1730126.node96      
         0   1730127.node96      
         0   1730128.node96      
         0   1730129.node96      
         0   1730130.node96      
         0   1730131.node96      
         0   1730132.node96      
         0   1730133.node96      
         0   1730134.node96      
         0   1730135.node96      
         0   1730136.node96      
         0   1730137.node96      
         0   1730138.node96      
         0   1730139.node96      
         0   1730140.node96      
         0   1730141.node96      
         0   1730142.node96      
         0   1730143.node96      
         0   1730144.node96      
         0   1730145.node96      
         0   1730146.node96      
         0   1730147.node96      
         0   1730148.node96      
         0   1730149.node96      
         0   1730150.node96      
         0   1730151.node96      
         0   1730152.node96      
         0   1730154.node96      
         0   1730155.node96      
         0   1730156.node96      
         0   1730157.node96      
         0   1730158.node96      
         0   1730159.node96      
         0   1730160.node96      
         0   1730161.node96      
         0   1730162.node96      
         0   1730163.node96      
         0   1730164.node96      
         0   1730165.node96      
         0   1730166.node96      
         0   1730167.node96      
         0   1730168.node96      
         0   1730169.node96      
         0   1730170.node96      
         0   1730171.node96      
         0   1730172.node96      
         0   1730173.node96      
         0   1730174.node96      
         0   1730175.node96      
         0   1730176.node96      
         0   1730177.node96      
         0   1730178.node96      
         0   1730179.node96      
         0   1730180.node96      
         0   1730181.node96      
         0   1730182.node96      
         0   1730183.node96      
         0   1730184.node96      
         0   1730185.node96      
         0   1730186.node96      
         0   1730187.node96      
         0   1730188.node96      
         0   1730189.node96      
         0   1730190.node96      
         0   1730191.node96      
         0   1730192.node96      
         0   1730193.node96      
         0   1730194.node96      
         0   1730195.node96      
         0   1730196.node96      
         0   1730197.node96      
         0   1730198.node96      
         0   1730199.node96      
         0   1730200.node96      
         0   1730201.node96      
         0   1730202.node96      
         0   1730203.node96      
         0   1730204.node96      
         0   1730205.node96      
         0   1730206.node96      
         0   1730207.node96      
         0   1730208.node96      
         0   1730209.node96      
         0   1730210.node96      
         0   1730211.node96      
         0   1730212.node96      
         0   1730213.node96      
         0   1730214.node96      
         0   1730215.node96      
         0   1730216.node96      
         0   1730217.node96      
         0   1730218.node96      
         0   1730219.node96      
         0   1730220.node96      
         0   1730221.node96      
         0   1730222.node96      
         0   1730223.node96      
         0   1730224.node96      
         0   1730226.node96      
         0   1730227.node96      
         0   1730228.node96      
         0   1730229.node96      
         0   1730230.node96      
         0   1730231.node96      
         0   1730232.node96      
         0   1730233.node96      
         0   1730234.node96      
         0   1730235.node96      
         0   1730236.node96      
         0   1730237.node96      
         0   1730238.node96      
         0   1730239.node96      
         0   1730240.node96      
         0   1730241.node96      
         0   1730242.node96      
         0   1730243.node96      
         0   1730244.node96      
         0   1730245.node96      
         0   1730246.node96      
         0   1730247.node96      
         0   1730248.node96      
         0   1730250.node96      
         0   1730251.node96      
         0   1730252.node96      
         0   1730253.node96      
         0   1730254.node96      
         0   1730255.node96      
         0   1730256.node96      
         0   1730257.node96      
         0   1730259.node96      
         0   1730260.node96      
         0   1730261.node96      
         0   1730262.node96      
         0   1730263.node96      
         0   1730264.node96      
         0   1730265.node96      
         0   1730266.node96      
         0   1730267.node96      
         0   1730268.node96      
         0   1730269.node96      
         0   1730270.node96      
         0   1730271.node96      
         0   1730272.node96      
         0   1730273.node96      
         0   1730274.node96      
         0   1730275.node96      
         0   1730276.node96      
         0   1730277.node96      
         0   1730278.node96      
         0   1730279.node96      
         0   1730280.node96      
         0   1730281.node96      
         0   1730282.node96      
         0   1730283.node96      
         0   1730284.node96      
         0   1730285.node96      
         0   1730286.node96      
  183:35:2   1730287.node96      
         0   1730288.node96      
         0   1730289.node96      
         0   1730290.node96      
  145:38:5   1730291.node96      
         0   1730292.node96      
         0   1730294.node96      
         0   1730295.node96      
         0   1730296.node96      
         0   1730297.node96      
         0   1730298.node96      
         0   1730299.node96      
         0   1730300.node96      
         0   1730301.node96      
         0   1730302.node96      
         0   1730303.node96      
         0   1730304.node96      
         0   1730305.node96      
         0   1730306.node96      
         0   1730307.node96      
         0   1730308.node96      
         0   1730309.node96      
         0   1730310.node96      
         0   1730311.node96      
         0   1730312.node96      
         0   1730313.node96      
         0   1730314.node96      
         0   1730315.node96      
         0   1730316.node96      
         0   1730317.node96      
         0   1730318.node96      
         0   1730320.node96      
         0   1730321.node96      
         0   1730322.node96      
         0   1730323.node96      
         0   1730324.node96      
         0   1730325.node96      
         0   1730326.node96      
         0   1730327.node96      
         0   1730328.node96      
         0   1730329.node96      
         0   1730330.node96      
         0   1730331.node96      
         0   1730332.node96      
         0   1730333.node96      
         0   1730334.node96      
         0   1730335.node96      
         0   1730336.node96      
         0   1730337.node96      
  64:43:57   1730338.node96      
  254:54:2   1730370.node96      
  11:03:02   1730445.node96      
  13:24:39   1730446.node96      
  13:42:24   1730447.node96      
  16:35:46   1730517.node96      
  33:37:39   1730518.node96      
  15:32:27   1730519.node96      
  14:54:38   1730520.node96      
  13:52:13   1730521.node96      
  13:30:23   1730522.node96      
  12:13:10   1730523.node96      
  17:39:57   1730524.node96      
  11:46:19   1730525.node96      
  08:25:06   1730526.node96      
  07:14:54   1730527.node96      
         0   1730528.node96      
         0   1730529.node96      
         0   1730530.node96      
         0   1730531.node96      
         0   1730532.node96      
         0   1730533.node96      
         0   1730534.node96      
         0   1730535.node96      
         0   1730536.node96      
         0   1730537.node96      
         0   1730538.node96      
         0   1730539.node96      
         0   1730540.node96      
         0   1730541.node96      
         0   1730542.node96      
         0   1730543.node96      
         0   1730544.node96      
         0   1730545.node96      
         0   1730546.node96      
         0   1730547.node96      
         0   1730548.node96      
         0   1730549.node96      
         0   1730550.node96      
         0   1730551.node96      
         0   1730552.node96      
         0   1730553.node96      
         0   1730554.node96      
         0   1730555.node96      
         0   1730556.node96      
         0   1730557.node96      
         0   1730558.node96      
         0   1730559.node96      
         0   1730560.node96      
         0   1730561.node96      
         0   1730562.node96      
         0   1730563.node96      
         0   1730564.node96      
         0   1730565.node96      
         0   1730566.node96      
         0   1730567.node96      
         0   1730568.node96      
         0   1730569.node96      
         0   1730570.node96      
         0   1730571.node96      
         0   1730572.node96      
         0   1730573.node96      
         0   1730574.node96      
         0   1730575.node96      
         0   1730576.node96      
         0   1730577.node96      
         0   1730578.node96      
         0   1730579.node96      
         0   1730580.node96      
         0   1730581.node96      
         0   1730582.node96      
         0   1730583.node96      
         0   1730584.node96      
         0   1730585.node96      
         0   1730586.node96      
         0   1730587.node96      
         0   1730588.node96      
         0   1730589.node96      
         0   1730590.node96      
         0   1730591.node96      
         0   1730592.node96      
         0   1730593.node96      
         0   1730594.node96      
         0   1730595.node96      
         0   1730596.node96      
         0   1730597.node96      
         0   1730598.node96      
         0   1730599.node96      
         0   1730600.node96      
         0   1730601.node96      
         0   1730602.node96      
         0   1730603.node96      
         0   1730604.node96      
         0   1730605.node96      
         0   1730606.node96      
         0   1730607.node96      
         0   1730608.node96      
         0   1730609.node96      
         0   1730610.node96      
         0   1730611.node96      
         0   1730612.node96      
         0   1730613.node96      
         0   1730614.node96      
         0   1730615.node96      
         0   1730616.node96      
         0   1730617.node96      
         0   1730618.node96      
         0   1730619.node96      
         0   1730620.node96      
         0   1730621.node96      
         0   1730622.node96      
         0   1730623.node96      
         0   1730624.node96      
         0   1730625.node96      
         0   1730626.node96      
         0   1730627.node96      
         0   1730628.node96      
         0   1730629.node96      
         0   1730630.node96      
         0   1730631.node96      
         0   1730632.node96      
         0   1730633.node96      
         0   1730634.node96      
         0   1730635.node96      
         0   1730636.node96      
         0   1730637.node96      
         0   1730638.node96      
         0   1730639.node96      
         0   1730640.node96      
         0   1730641.node96      
         0   1730642.node96      
         0   1730643.node96      
         0   1730644.node96      
         0   1730645.node96      
         0   1730646.node96      
         0   1730647.node96      
         0   1730648.node96      
         0   1730649.node96      
         0   1730650.node96      
         0   1730651.node96      
         0   1730652.node96      
         0   1730653.node96      
         0   1730654.node96      
         0   1730655.node96      
         0   1730656.node96      
         0   1730657.node96      
         0   1730658.node96      
         0   1730659.node96      
         0   1730660.node96      
         0   1730661.node96      
         0   1730662.node96      
         0   1730663.node96      
         0   1730664.node96      
         0   1730665.node96      
         0   1730666.node96      
         0   1730667.node96      
         0   1730668.node96      
         0   1730669.node96      
         0   1730670.node96      
         0   1730671.node96      
         0   1730672.node96      
         0   1730673.node96      
         0   1730674.node96      
         0   1730675.node96      
         0   1730676.node96      
         0   1730677.node96      
         0   1730678.node96      
         0   1730679.node96      
         0   1730680.node96      
         0   1730681.node96      
         0   1730682.node96      
         0   1730683.node96      
         0   1730684.node96      
         0   1730685.node96      
         0   1730686.node96      
         0   1730687.node96      
         0   1730688.node96      
         0   1730689.node96      
         0   1730690.node96      
         0   1730691.node96      
         0   1730692.node96      
         0   1730693.node96      
         0   1730694.node96      
         0   1730695.node96      
         0   1730696.node96      
         0   1730697.node96      
         0   1730698.node96      
         0   1730699.node96      
         0   1730700.node96      
         0   1730701.node96      
         0   1730702.node96      
         0   1730703.node96      
         0   1730704.node96      
         0   1730705.node96      
         0   1730706.node96      
         0   1730707.node96      
         0   1730708.node96      
         0   1730709.node96      
         0   1730710.node96      
         0   1730711.node96      
         0   1730712.node96      
         0   1730713.node96      
         0   1730714.node96      
         0   1730715.node96      
         0   1730716.node96      
         0   1730717.node96      
         0   1730718.node96      
         0   1730719.node96      
         0   1730720.node96      
         0   1730721.node96      
         0   1730722.node96      
         0   1730723.node96      
         0   1730724.node96      
         0   1730725.node96      
         0   1730726.node96      
         0   1730727.node96      
         0   1730728.node96      
         0   1730729.node96      
         0   1730730.node96      
         0   1730731.node96      
         0   1730732.node96      
         0   1730733.node96      
         0   1730734.node96      
         0   1730735.node96      
         0   1730736.node96      
         0   1730737.node96      
         0   1730738.node96      
         0   1730739.node96      
         0   1730740.node96      
         0   1730741.node96      
         0   1730742.node96      
         0   1730743.node96      
         0   1730744.node96      
         0   1730745.node96      
         0   1730746.node96      
         0   1730747.node96      
         0   1730748.node96      
         0   1730749.node96      
         0   1730750.node96      
         0   1730751.node96      
         0   1730752.node96      
         0   1730753.node96      
         0   1730754.node96      
         0   1730755.node96      
         0   1730756.node96      
         0   1730757.node96      
         0   1730758.node96      
         0   1730759.node96      
         0   1730760.node96      
         0   1730761.node96      
         0   1730762.node96      
         0   1730763.node96      
         0   1730764.node96      
         0   1730765.node96      
         0   1730766.node96      
         0   1730767.node96      
         0   1730768.node96      
         0   1730769.node96      
         0   1730770.node96      
         0   1730771.node96      
         0   1730772.node96      
         0   1730773.node96      
         0   1730774.node96      
         0   1730775.node96      
         0   1730776.node96      
         0   1730777.node96      
         0   1730778.node96      
         0   1730779.node96      
         0   1730780.node96      
         0   1730781.node96      
         0   1730782.node96      
         0   1730783.node96      
         0   1730784.node96      
         0   1730785.node96      
         0   1730786.node96      
         0   1730787.node96      
         0   1730788.node96      
         0   1730789.node96      
         0   1730790.node96      
         0   1730791.node96      
         0   1730792.node96      
         0   1730793.node96      
         0   1730794.node96      
         0   1730795.node96      
         0   1730796.node96      
         0   1730797.node96      
         0   1730798.node96      
         0   1730799.node96      
         0   1730800.node96      
         0   1730801.node96      
         0   1730802.node96      
         0   1730803.node96      
         0   1730804.node96      
         0   1730805.node96      
         0   1730806.node96      
         0   1730807.node96      
         0   1730808.node96      
         0   1730809.node96      
         0   1730810.node96      
         0   1730811.node96      
         0   1730812.node96      
         0   1730813.node96      
         0   1730814.node96      
         0   1730815.node96      
         0   1730816.node96      
         0   1730817.node96      
         0   1730818.node96      
         0   1730819.node96      
         0   1730820.node96      
         0   1730821.node96      
         0   1730822.node96      
         0   1730823.node96      
         0   1730824.node96      
         0   1730825.node96      
         0   1730826.node96      
         0   1730827.node96      
         0   1730828.node96      
         0   1730829.node96      
         0   1730830.node96      
         0   1730831.node96      
         0   1731067.node96      
  20:07:56   1731100.node96      
         0   1731103.node96      
         0   1731104.node96      
  195:10:1   1731105.node96      
  54:54:58   1731107.node96      
         0   1731113[].node96    
         0   1731114[].node96    
         0   1731115[].node96    
         0   1731116[].node96    
         0   1731130.node96      
         0   1731131.node96      
         0   1731132.node96      
         0   1731133.node96      
         0   1731134.node96      
         0   1731135.node96      
         0   1731136.node96      
         0   1731137.node96      
         0   1731138.node96      
         0   1731139.node96      
         0   1731140.node96      
         0   1731141.node96      
         0   1731142.node96      
         0   1731143.node96      
         0   1731144.node96      
         0   1731145.node96      
         0   1731146.node96      
         0   1731147.node96      
         0   1731148.node96      
         0   1731149.node96      
         0   1731151.node96      
         0   1731152.node96      
         0   1731153.node96      
         0   1731154.node96      
         0   1731155.node96      
         0   1731156.node96      
         0   1731157.node96      
         0   1731158.node96      
         0   1731159.node96      
         0   1731160.node96      
         0   1731161.node96      
         0   1731162.node96      
         0   1731163.node96      
         0   1731164.node96      
         0   1731165.node96      
         0   1731167.node96      
         0   1731168.node96      
         0   1731169.node96      
         0   1731173.node96      
         0   1731174.node96      
         0   1731175.node96      
         0   1731176.node96      
         0   1731177.node96      
         0   1731178.node96      
         0   1731179.node96      
         0   1731180.node96      
         0   1731181.node96      
  09:03:43   1731182.node96      
  02:35:23   1731193.node96      
         0   1731197.node96      
