Job ID                    Name             User            Time Use S Queue
------------------------- ---------------- --------------- -------- - -----
1628635.node96             LiFeF            doch                   0 Q gpuq           
1648923.node96             OMAbz.job        emily.ellis     973:15:5 R batch          
1690462.node96             CrO2_004         schretien       4314:58: R batch          
1699847.node96             jm22bdc-a        aue             1750:54: R molpro         
1700492.node96             script.sh        ucsbeqs         4434:46: R batch          
1700608.node96             traj6.job        sboldissar      137:36:2 R molpro         
1700627.node96             traj9.job        sboldissar      135:02:0 R molpro         
1700629.node96             traj10.job       sboldissar      132:52:1 R molpro         
1700872.node96             ...ctype.default colinstewart    459:31:2 R batch          
1700875.node96             ...ctype.default colinstewart    369:47:0 R batch          
1700982.node96             ...ctype.default colinstewart    947:27:0 R batch          
1700983.node96             ...ctype.default colinstewart           0 Q batch          
1700984.node96             ...ctype.default colinstewart           0 Q batch          
1700985.node96             ...ctype.default colinstewart           0 Q batch          
1700986.node96             ...ctype.default colinstewart           0 Q batch          
1700987.node96             ...ctype.default colinstewart           0 Q batch          
1700988.node96             ...ctype.default colinstewart           0 Q batch          
1700989.node96             ...ctype.default colinstewart           0 Q batch          
1700990.node96             ...ctype.default colinstewart           0 Q batch          
1700991.node96             ...ctype.default colinstewart           0 Q batch          
1700992.node96             ...ctype.default colinstewart           0 Q batch          
1700993.node96             ...ctype.default colinstewart           0 Q batch          
1700994.node96             ...ctype.default colinstewart           0 Q batch          
1700995.node96             ...ctype.default colinstewart           0 Q batch          
1700996.node96             ...ctype.default colinstewart           0 Q batch          
1700997.node96             ...ctype.default colinstewart           0 Q batch          
1700998.node96             ...ctype.default colinstewart           0 Q batch          
1700999.node96             ...ctype.default colinstewart           0 Q batch          
1701000.node96             ...ctype.default colinstewart           0 Q batch          
1701001.node96             ...ctype.default colinstewart           0 Q batch          
1701002.node96             ...ctype.default colinstewart           0 Q batch          
1701003.node96             ...ctype.default colinstewart           0 Q batch          
1701004.node96             ...ctype.default colinstewart           0 Q batch          
1701005.node96             ...ctype.default colinstewart           0 Q batch          
1701006.node96             ...ctype.default colinstewart           0 Q batch          
1701007.node96             ...ctype.default colinstewart           0 Q batch          
1701008.node96             ...ctype.default colinstewart           0 Q batch          
1701009.node96             ...ctype.default colinstewart           0 Q batch          
1701010.node96             ...ctype.default colinstewart           0 Q batch          
1701011.node96             ...ctype.default colinstewart           0 Q batch          
1701012.node96             ...ctype.default colinstewart           0 Q batch          
1701013.node96             ...ctype.default colinstewart           0 Q batch          
1701014.node96             ...ctype.default colinstewart           0 Q batch          
1701015.node96             ...ctype.default colinstewart           0 Q batch          
1701016.node96             ...ctype.default colinstewart           0 Q batch          
1701017.node96             ...ctype.default colinstewart           0 Q batch          
1701018.node96             ...ctype.default colinstewart           0 Q batch          
1701019.node96             ...ctype.default colinstewart           0 Q batch          
1701020.node96             ...ctype.default colinstewart           0 Q batch          
1701021.node96             ...ctype.default colinstewart           0 Q batch          
1701022.node96             ...ctype.default colinstewart           0 Q batch          
1701023.node96             ...ctype.default colinstewart           0 Q batch          
1701024.node96             ...ctype.default colinstewart           0 Q batch          
1701025.node96             ...ctype.default colinstewart           0 Q batch          
1701026.node96             ...ctype.default colinstewart           0 Q batch          
1701027.node96             ...ctype.default colinstewart           0 Q batch          
1701028.node96             ...ctype.default colinstewart           0 Q batch          
1701029.node96             ...ctype.default colinstewart           0 Q batch          
1701030.node96             ...ctype.default colinstewart           0 Q batch          
1701031.node96             ...ctype.default colinstewart           0 Q batch          
1701032.node96             ...ctype.default colinstewart           0 Q batch          
1701033.node96             ...ctype.default colinstewart           0 Q batch          
1701034.node96             ...ctype.default colinstewart           0 Q batch          
1701035.node96             ...ctype.default colinstewart           0 Q batch          
1701036.node96             ...ctype.default colinstewart           0 Q batch          
1701037.node96             ...ctype.default colinstewart           0 Q batch          
1701038.node96             ...ctype.default colinstewart           0 Q batch          
1701039.node96             ...ctype.default colinstewart           0 Q batch          
1701040.node96             ...ctype.default colinstewart           0 Q batch          
1701041.node96             ...ctype.default colinstewart           0 Q batch          
1701042.node96             ...ctype.default colinstewart           0 Q batch          
1701043.node96             ...ctype.default colinstewart           0 Q batch          
1701044.node96             ...ctype.default colinstewart           0 Q batch          
1701045.node96             ...ctype.default colinstewart           0 Q batch          
1701046.node96             ...ctype.default colinstewart           0 Q batch          
1701047.node96             ...ctype.default colinstewart           0 Q batch          
1701048.node96             ...ctype.default colinstewart           0 Q batch          
1701049.node96             ...ctype.default colinstewart           0 Q batch          
1701050.node96             ...ctype.default colinstewart           0 Q batch          
1701051.node96             ...ctype.default colinstewart           0 Q batch          
1701052.node96             ...ctype.default colinstewart           0 Q batch          
1701053.node96             ...ctype.default colinstewart           0 Q batch          
1701054.node96             ...ctype.default colinstewart           0 Q batch          
1701055.node96             ...ctype.default colinstewart           0 Q batch          
1701056.node96             ...ctype.default colinstewart           0 Q batch          
1701057.node96             ...ctype.default colinstewart           0 Q batch          
1701058.node96             ...ctype.default colinstewart           0 Q batch          
1701059.node96             ...ctype.default colinstewart           0 Q batch          
1701060.node96             ...ctype.default colinstewart           0 Q batch          
1701061.node96             ...ctype.default colinstewart           0 Q batch          
1701062.node96             ...ctype.default colinstewart           0 Q batch          
1701063.node96             ...ctype.default colinstewart           0 Q batch          
1701064.node96             ...ctype.default colinstewart           0 Q batch          
1701065.node96             ...ctype.default colinstewart           0 Q batch          
1701066.node96             ...ctype.default colinstewart           0 Q batch          
1701067.node96             ...ctype.default colinstewart           0 Q batch          
1701068.node96             ...ctype.default colinstewart           0 Q batch          
1701069.node96             ...ctype.default colinstewart           0 Q batch          
1701070.node96             ...ctype.default colinstewart           0 Q batch          
1701071.node96             ...ctype.default colinstewart           0 Q batch          
1701072.node96             ...ctype.default colinstewart           0 Q batch          
1701073.node96             ...ctype.default colinstewart           0 Q batch          
1701074.node96             ...ctype.default colinstewart           0 Q batch          
1701075.node96             ...ctype.default colinstewart           0 Q batch          
1701076.node96             ...ctype.default colinstewart           0 Q batch          
1701077.node96             ...ctype.default colinstewart           0 Q batch          
1701078.node96             ...ctype.default colinstewart           0 Q batch          
1701079.node96             ...ctype.default colinstewart           0 Q batch          
1701080.node96             ...ctype.default colinstewart           0 Q batch          
1701081.node96             ...ctype.default colinstewart           0 Q batch          
1701082.node96             ...ctype.default colinstewart           0 Q batch          
1701083.node96             ...ctype.default colinstewart           0 Q batch          
1701084.node96             ...ctype.default colinstewart           0 Q batch          
1701085.node96             ...ctype.default colinstewart           0 Q batch          
1701086.node96             ...ctype.default colinstewart           0 Q batch          
1701087.node96             ...ctype.default colinstewart           0 Q batch          
1701088.node96             ...ctype.default colinstewart           0 Q batch          
1701089.node96             ...ctype.default colinstewart           0 Q batch          
1701090.node96             ...ctype.default colinstewart           0 Q batch          
1701091.node96             ...ctype.default colinstewart           0 Q batch          
1701092.node96             ...ctype.default colinstewart           0 Q batch          
1701093.node96             ...ctype.default colinstewart           0 Q batch          
1701094.node96             ...ctype.default colinstewart           0 Q batch          
1701095.node96             ...ctype.default colinstewart           0 Q batch          
1701096.node96             ...ctype.default colinstewart           0 Q batch          
1701097.node96             ...ctype.default colinstewart           0 Q batch          
1701098.node96             ...ctype.default colinstewart           0 Q batch          
1701099.node96             ...ctype.default colinstewart           0 Q batch          
1701100.node96             ...ctype.default colinstewart           0 Q batch          
1701101.node96             ...ctype.default colinstewart           0 Q batch          
1701102.node96             ...ctype.default colinstewart           0 Q batch          
1701103.node96             ...ctype.default colinstewart           0 Q batch          
1701104.node96             ...ctype.default colinstewart           0 Q batch          
1701105.node96             ...ctype.default colinstewart           0 Q batch          
1701106.node96             ...ctype.default colinstewart           0 Q batch          
1701107.node96             ...ctype.default colinstewart           0 Q batch          
1701108.node96             ...ctype.default colinstewart           0 Q batch          
1701109.node96             ...ctype.default colinstewart           0 Q batch          
1701110.node96             ...ctype.default colinstewart           0 Q batch          
1701111.node96             ...ctype.default colinstewart           0 Q batch          
1701112.node96             ...ctype.default colinstewart           0 Q batch          
1701113.node96             ...ctype.default colinstewart           0 Q batch          
1701114.node96             ...ctype.default colinstewart           0 Q batch          
1701115.node96             ...ctype.default colinstewart           0 Q batch          
1701116.node96             ...ctype.default colinstewart           0 Q batch          
1701117.node96             ...ctype.default colinstewart           0 Q batch          
1701118.node96             ...ctype.default colinstewart           0 Q batch          
1701119.node96             ...ctype.default colinstewart           0 Q batch          
1701120.node96             ...ctype.default colinstewart           0 Q batch          
1701121.node96             ...ctype.default colinstewart           0 Q batch          
1701122.node96             ...ctype.default colinstewart           0 Q batch          
1701123.node96             ...ctype.default colinstewart           0 Q batch          
1701124.node96             ...ctype.default colinstewart           0 Q batch          
1701125.node96             ...ctype.default colinstewart           0 Q batch          
1701126.node96             ...ctype.default colinstewart           0 Q batch          
1701127.node96             ...ctype.default colinstewart           0 Q batch          
1701128.node96             ...ctype.default colinstewart           0 Q batch          
1701129.node96             ...ctype.default colinstewart           0 Q batch          
1701130.node96             ...ctype.default colinstewart           0 Q batch          
1701131.node96             ...ctype.default colinstewart           0 Q batch          
1701132.node96             ...ctype.default colinstewart           0 Q batch          
1701133.node96             ...ctype.default colinstewart           0 Q batch          
1701134.node96             ...ctype.default colinstewart           0 Q batch          
1701135.node96             ...ctype.default colinstewart           0 Q batch          
1701136.node96             ...ctype.default colinstewart           0 Q batch          
1701137.node96             ...ctype.default colinstewart           0 Q batch          
1701138.node96             ...ctype.default colinstewart           0 Q batch          
1701139.node96             ...ctype.default colinstewart           0 Q batch          
1701140.node96             ...ctype.default colinstewart           0 Q batch          
1701141.node96             ...ctype.default colinstewart           0 Q batch          
1701142.node96             ...ctype.default colinstewart           0 Q batch          
1701143.node96             ...ctype.default colinstewart           0 Q batch          
1701144.node96             ...ctype.default colinstewart           0 Q batch          
1701145.node96             ...ctype.default colinstewart           0 Q batch          
1701146.node96             ...ctype.default colinstewart           0 Q batch          
1701147.node96             ...ctype.default colinstewart           0 Q batch          
1701148.node96             ...ctype.default colinstewart           0 Q batch          
1701149.node96             ...ctype.default colinstewart           0 Q batch          
1701150.node96             ...ctype.default colinstewart           0 Q batch          
1701151.node96             ...ctype.default colinstewart           0 Q batch          
1701152.node96             ...ctype.default colinstewart           0 Q batch          
1701153.node96             ...ctype.default colinstewart           0 Q batch          
1701154.node96             ...ctype.default colinstewart           0 Q batch          
1701155.node96             ...ctype.default colinstewart           0 Q batch          
1701156.node96             ...ctype.default colinstewart           0 Q batch          
1701157.node96             ...ctype.default colinstewart           0 Q batch          
1701158.node96             ...ctype.default colinstewart           0 Q batch          
1701159.node96             ...ctype.default colinstewart           0 Q batch          
1701160.node96             ...ctype.default colinstewart           0 Q batch          
1701161.node96             ...ctype.default colinstewart           0 Q batch          
1701162.node96             ...ctype.default colinstewart           0 Q batch          
1701163.node96             ...ctype.default colinstewart           0 Q batch          
1701164.node96             ...ctype.default colinstewart           0 Q batch          
1701165.node96             ...ctype.default colinstewart           0 Q batch          
1701166.node96             ...ctype.default colinstewart           0 Q batch          
1701167.node96             ...ctype.default colinstewart           0 Q batch          
1701168.node96             ...ctype.default colinstewart           0 Q batch          
1701169.node96             ...ctype.default colinstewart           0 Q batch          
1701170.node96             ...ctype.default colinstewart           0 Q batch          
1701171.node96             ...ctype.default colinstewart           0 Q batch          
1701172.node96             ...ctype.default colinstewart           0 Q batch          
1701173.node96             ...ctype.default colinstewart           0 Q batch          
1701174.node96             ...ctype.default colinstewart           0 Q batch          
1701175.node96             ...ctype.default colinstewart           0 Q batch          
1701176.node96             ...ctype.default colinstewart           0 Q batch          
1701177.node96             ...ctype.default colinstewart           0 Q batch          
1701178.node96             ...ctype.default colinstewart           0 Q batch          
1701179.node96             ...ctype.default colinstewart           0 Q batch          
1701180.node96             ...ctype.default colinstewart           0 Q batch          
1701181.node96             ...ctype.default colinstewart           0 Q batch          
1701182.node96             ...ctype.default colinstewart           0 Q batch          
1701183.node96             ...ctype.default colinstewart           0 Q batch          
1701184.node96             ...ctype.default colinstewart           0 Q batch          
1701185.node96             ...ctype.default colinstewart           0 Q batch          
1701186.node96             ...ctype.default colinstewart           0 Q batch          
1701187.node96             ...ctype.default colinstewart           0 Q batch          
1701188.node96             ...ctype.default colinstewart           0 Q batch          
1701189.node96             ...ctype.default colinstewart           0 Q batch          
1701190.node96             ...ctype.default colinstewart           0 Q batch          
1701191.node96             ...ctype.default colinstewart           0 Q batch          
1701192.node96             ...ctype.default colinstewart           0 Q batch          
1701193.node96             ...ctype.default colinstewart           0 Q batch          
1701194.node96             ...ctype.default colinstewart           0 Q batch          
1701195.node96             ...ctype.default colinstewart           0 Q batch          
1701196.node96             ...ctype.default colinstewart           0 Q batch          
1701197.node96             ...ctype.default colinstewart           0 Q batch          
1701198.node96             ...ctype.default colinstewart           0 Q batch          
1701199.node96             ...ctype.default colinstewart           0 Q batch          
1701200.node96             ...ctype.default colinstewart           0 Q batch          
1701201.node96             ...ctype.default colinstewart           0 Q batch          
1701202.node96             ...ctype.default colinstewart           0 Q batch          
1701203.node96             ...ctype.default colinstewart           0 Q batch          
1701204.node96             ...ctype.default colinstewart           0 Q batch          
1701205.node96             ...ctype.default colinstewart           0 Q batch          
1701206.node96             ...ctype.default colinstewart           0 Q batch          
1701207.node96             ...ctype.default colinstewart           0 Q batch          
1701208.node96             ...ctype.default colinstewart           0 Q batch          
1701209.node96             ...ctype.default colinstewart           0 Q batch          
1701210.node96             ...ctype.default colinstewart           0 Q batch          
1701211.node96             ...ctype.default colinstewart           0 Q batch          
1701212.node96             ...ctype.default colinstewart           0 Q batch          
1701213.node96             ...ctype.default colinstewart           0 Q batch          
1701214.node96             ...ctype.default colinstewart           0 Q batch          
1701215.node96             ...ctype.default colinstewart           0 Q batch          
1701216.node96             ...ctype.default colinstewart           0 Q batch          
1701217.node96             ...ctype.default colinstewart           0 Q batch          
1701218.node96             ...ctype.default colinstewart           0 Q batch          
1701219.node96             ...ctype.default colinstewart           0 Q batch          
1701220.node96             ...ctype.default colinstewart           0 Q batch          
1701221.node96             ...ctype.default colinstewart           0 Q batch          
1701222.node96             ...ctype.default colinstewart           0 Q batch          
1701223.node96             ...ctype.default colinstewart           0 Q batch          
1701224.node96             ...ctype.default colinstewart           0 Q batch          
1701225.node96             ...ctype.default colinstewart           0 Q batch          
1701226.node96             ...ctype.default colinstewart           0 Q batch          
1701227.node96             ...ctype.default colinstewart           0 Q batch          
1701228.node96             ...ctype.default colinstewart           0 Q batch          
1701229.node96             ...ctype.default colinstewart           0 Q batch          
1701230.node96             ...ctype.default colinstewart           0 Q batch          
1701231.node96             ...ctype.default colinstewart           0 Q batch          
1701232.node96             ...ctype.default colinstewart           0 Q batch          
1701233.node96             ...ctype.default colinstewart           0 Q batch          
1701234.node96             ...ctype.default colinstewart           0 Q batch          
1701235.node96             ...ctype.default colinstewart           0 Q batch          
1701236.node96             ...ctype.default colinstewart           0 Q batch          
1701237.node96             ...ctype.default colinstewart           0 Q batch          
1701238.node96             ...ctype.default colinstewart           0 Q batch          
1701239.node96             ...ctype.default colinstewart           0 Q batch          
1701240.node96             ...ctype.default colinstewart           0 Q batch          
1701241.node96             ...ctype.default colinstewart           0 Q batch          
1701242.node96             ...ctype.default colinstewart           0 Q batch          
1701243.node96             ...ctype.default colinstewart           0 Q batch          
1701244.node96             ...ctype.default colinstewart           0 Q batch          
1701245.node96             ...ctype.default colinstewart           0 Q batch          
1701246.node96             ...ctype.default colinstewart           0 Q batch          
1701247.node96             ...ctype.default colinstewart           0 Q batch          
1701248.node96             ...ctype.default colinstewart           0 Q batch          
1701249.node96             ...ctype.default colinstewart           0 Q batch          
1701250.node96             ...ctype.default colinstewart           0 Q batch          
1701251.node96             ...ctype.default colinstewart           0 Q batch          
1701252.node96             ...ctype.default colinstewart           0 Q batch          
1701253.node96             ...ctype.default colinstewart           0 Q batch          
1701254.node96             ...ctype.default colinstewart           0 Q batch          
1701255.node96             ...ctype.default colinstewart           0 Q batch          
1701256.node96             ...ctype.default colinstewart           0 Q batch          
1701257.node96             ...ctype.default colinstewart           0 Q batch          
1701258.node96             ...ctype.default colinstewart           0 Q batch          
1701259.node96             ...ctype.default colinstewart           0 Q batch          
1701260.node96             ...ctype.default colinstewart           0 Q batch          
1701261.node96             ...ctype.default colinstewart           0 Q batch          
1701262.node96             ...ctype.default colinstewart           0 Q batch          
1701263.node96             ...ctype.default colinstewart           0 Q batch          
1701264.node96             ...ctype.default colinstewart           0 Q batch          
1701265.node96             ...ctype.default colinstewart           0 Q batch          
1701266.node96             ...ctype.default colinstewart           0 Q batch          
1701267.node96             ...ctype.default colinstewart           0 Q batch          
1701268.node96             ...ctype.default colinstewart           0 Q batch          
1701269.node96             ...ctype.default colinstewart           0 Q batch          
1701270.node96             ...ctype.default colinstewart           0 Q batch          
1701271.node96             ...ctype.default colinstewart           0 Q batch          
1701272.node96             ...ctype.default colinstewart           0 Q batch          
1705531.node96             ...i@hotmail.com galaxy2         110:36:5 R largemem       
1705534.node96             ...i@hotmail.com galaxy2         58:28:28 R largemem       
1705563.node96             ...mail.ucsb.edu galaxy2         75:35:34 R largemem       
1705910.node96             2N2+2Li+45LiCl   hhk05           5476:55: R batch          
1705946.node96             CrO2_002         schretien       1824:34: R batch          
1706097.node96             Ni1H2Bi82liquid  vishchem        2540:14: R batch          
1706140.node96             Ni1Bi82liquid    vishchem        2604:02: R batch          
1706254.node96             dojob.job        abagnell        229:52:0 R batch          
1707193.node96             CrO2_006         schretien       1824:06: R batch          
1708469.node96             ...mail.ucsb.edu galaxy2         12:47:58 R largemem       
1708486.node96             ...mail.ucsb.edu galaxy2                0 Q largemem       
1708487.node96             ...mail.ucsb.edu galaxy2                0 Q largemem       
1708513.node96             Pt1H1Sn82liquid  vishchem        1660:35: R batch          
1709841.node96             2AgCl+2Li+45LiCl hhk05           3274:19: R batch          
1710335.node96             ...31.721912.txt tguzella        266:02:1 R batch          
1710693.node96             traj11.job       sboldissar      68:42:04 R molpro         
1710694.node96             traj12.job       sboldissar      70:00:28 R molpro         
1710740.node96             ...CaPd3O4_HSEBS llamontagne     1764:01: R batch          
1710763.node96             GCM              kartik          462:34:5 R batch          
1710764.node96             GCM              kartik          449:34:2 R batch          
1710825.node96             ...mail.ucsb.edu galaxy2                0 Q largemem       
1710880.node96             Ni1Bi82liquid    vishchem        1827:26: R batch          
1710939.node96             GLU1.01          cwu             113:06:1 R gpuq           
1711438.node96             CrO2_008         schretien       1180:53: R batch          
1711608.node96             CrO2_003         schretien       1150:35: R batch          
1711625.node96             CH4+2Na+45NaCl   hhk05           3020:50: R batch          
1711626.node96             2Na+45NaCl       hhk05           2988:45: R batch          
1711627.node96             AgCl+2Na+45NaCl  hhk05           1852:53: R batch          
1712380.node96             CrO2_005         schretien       1089:56: R batch          
1714167.node96             lammpstemper     ncharest        1672:26: R batch          
1714168.node96             lammpstemper     ncharest        00:00:20 R batch          
1714170.node96             lammpstemper     ncharest        1672:16: R batch          
1714171.node96             lammpstemper     ncharest        1564:26: R batch          
1714173.node96             lammpstemper     ncharest        1670:49: R batch          
1715159.node96             plasmid_14.16    lyyanlely       02:31:04 R batch          
1715160.node96             plasmid_15.16    lyyanlely       02:28:52 R batch          
1715161.node96             plasmid_1.17     lyyanlely       02:10:54 R batch          
1715162.node96             plasmid_2.17     lyyanlely       01:54:51 R batch          
1715163.node96             plasmid_3.17     lyyanlely       01:52:11 R batch          
1715164.node96             plasmid_4.17     lyyanlely       01:52:26 R batch          
1715165.node96             plasmid_5.17     lyyanlely       01:45:19 R batch          
1715167.node96             plasmid_6.17     lyyanlely       01:38:19 R batch          
1715168.node96             plasmid_7.17     lyyanlely       01:37:14 R batch          
1715169.node96             plasmid_8.17     lyyanlely       01:30:48 R batch          
1715170.node96             plasmid_9.17     lyyanlely       01:22:27 R batch          
1715171.node96             plasmid_10.17    lyyanlely       00:49:01 R batch          
1715172.node96             plasmid_11.17    lyyanlely       00:45:05 R batch          
1715173.node96             plasmid_12.17    lyyanlely       00:14:01 R batch          
1715174.node96             plasmid_13.17    lyyanlely              0 Q batch          
1715175.node96             plasmid_14.17    lyyanlely              0 Q batch          
1715176.node96             plasmid_15.17    lyyanlely              0 Q batch          
1715177.node96             plasmid_1.18     lyyanlely              0 Q batch          
1715178.node96             plasmid_2.18     lyyanlely              0 Q batch          
1715179.node96             plasmid_3.18     lyyanlely              0 Q batch          
1715180.node96             plasmid_4.18     lyyanlely              0 Q batch          
1715181.node96             plasmid_5.18     lyyanlely              0 Q batch          
1715182.node96             plasmid_6.18     lyyanlely              0 Q batch          
1715183.node96             plasmid_7.18     lyyanlely              0 Q batch          
1715184.node96             plasmid_8.18     lyyanlely              0 Q batch          
1715185.node96             plasmid_9.18     lyyanlely              0 Q batch          
1715186.node96             plasmid_10.18    lyyanlely              0 Q batch          
1715187.node96             plasmid_11.18    lyyanlely              0 Q batch          
1715188.node96             plasmid_12.18    lyyanlely              0 Q batch          
1715189.node96             plasmid_13.18    lyyanlely              0 Q batch          
1715190.node96             plasmid_14.18    lyyanlely              0 Q batch          
1715191.node96             plasmid_15.18    lyyanlely              0 Q batch          
1715192.node96             plasmid_1.19     lyyanlely              0 Q batch          
1715193.node96             plasmid_2.19     lyyanlely              0 Q batch          
1715194.node96             plasmid_3.19     lyyanlely              0 Q batch          
1715195.node96             plasmid_4.19     lyyanlely              0 Q batch          
1715196.node96             plasmid_5.19     lyyanlely              0 Q batch          
1715197.node96             plasmid_6.19     lyyanlely              0 Q batch          
1715198.node96             plasmid_7.19     lyyanlely              0 Q batch          
1715199.node96             plasmid_8.19     lyyanlely              0 Q batch          
1715200.node96             plasmid_9.19     lyyanlely              0 Q batch          
1715202.node96             plasmid_10.19    lyyanlely              0 Q batch          
1715203.node96             plasmid_11.19    lyyanlely              0 Q batch          
1715204.node96             plasmid_12.19    lyyanlely              0 Q batch          
1715205.node96             plasmid_13.19    lyyanlely              0 Q batch          
1715206.node96             plasmid_14.19    lyyanlely              0 Q batch          
1715207.node96             plasmid_15.19    lyyanlely              0 Q batch          
1715208.node96             plasmid_1.20     lyyanlely              0 Q batch          
1715209.node96             plasmid_2.20     lyyanlely              0 Q batch          
1715210.node96             plasmid_3.20     lyyanlely              0 Q batch          
1715211.node96             plasmid_4.20     lyyanlely              0 Q batch          
1715212.node96             plasmid_5.20     lyyanlely              0 Q batch          
1715213.node96             plasmid_6.20     lyyanlely              0 Q batch          
1715214.node96             plasmid_7.20     lyyanlely              0 Q batch          
1715215.node96             plasmid_8.20     lyyanlely              0 Q batch          
1715216.node96             plasmid_9.20     lyyanlely              0 Q batch          
1715217.node96             plasmid_10.20    lyyanlely              0 Q batch          
1715218.node96             plasmid_11.20    lyyanlely              0 Q batch          
1715219.node96             plasmid_12.20    lyyanlely              0 Q batch          
1715220.node96             plasmid_13.20    lyyanlely              0 Q batch          
1715221.node96             plasmid_14.20    lyyanlely              0 Q batch          
1715222.node96             plasmid_15.20    lyyanlely              0 Q batch          
1715310.node96             Li8+45LiCl       hhk05           1838:58: R batch          
1715311.node96             H2+2Li+45LiCl    hhk05           1781:58: R batch          
1715384.node96             ...1_3_0_0_0.107 liz             358:20:2 R batch          
1715385.node96             ...1_3_0_0_0.108 liz             342:19:4 R batch          
1715386.node96             ...1_3_0_0_0.109 liz             305:47:3 R batch          
1715387.node96             ..._1_3_0_0_0.11 liz             110:28:3 R batch          
1715388.node96             ...1_3_0_0_0.110 liz             109:34:5 R batch          
1715389.node96             ...1_3_0_0_0.111 liz             64:58:09 R batch          
1715390.node96             ...1_3_0_0_0.112 liz             64:31:12 R batch          
1715391.node96             ...1_3_0_0_0.113 liz                    0 Q batch          
1715392.node96             ...1_3_0_0_0.114 liz                    0 Q batch          
1715393.node96             ...1_3_0_0_0.115 liz                    0 Q batch          
1715394.node96             ...1_3_0_0_0.116 liz                    0 Q batch          
1715395.node96             ...1_3_0_0_0.117 liz                    0 Q batch          
1715396.node96             ...1_3_0_0_0.118 liz                    0 Q batch          
1715397.node96             ...1_3_0_0_0.119 liz                    0 Q batch          
1715398.node96             ..._1_3_0_0_0.12 liz                    0 Q batch          
1715399.node96             ...1_3_0_0_0.120 liz                    0 Q batch          
1715400.node96             ...1_3_0_0_0.121 liz                    0 Q batch          
1715401.node96             ...1_3_0_0_0.122 liz                    0 Q batch          
1715402.node96             ...1_3_0_0_0.123 liz                    0 Q batch          
1715403.node96             ...1_3_0_0_0.124 liz                    0 Q batch          
1715404.node96             ...1_3_0_0_0.125 liz                    0 Q batch          
1715406.node96             ...1_3_0_0_0.126 liz                    0 Q batch          
1715407.node96             ...1_3_0_0_0.127 liz                    0 Q batch          
1715408.node96             ...1_3_0_0_0.128 liz                    0 Q batch          
1715409.node96             ...1_3_0_0_0.129 liz                    0 Q batch          
1715410.node96             ..._1_3_0_0_0.13 liz                    0 Q batch          
1715411.node96             ...1_3_0_0_0.130 liz                    0 Q batch          
1715412.node96             ...1_3_0_0_0.131 liz                    0 Q batch          
1715413.node96             ...1_3_0_0_0.132 liz                    0 Q batch          
1715414.node96             ...1_3_0_0_0.133 liz                    0 Q batch          
1715415.node96             ...1_3_0_0_0.134 liz                    0 Q batch          
1715416.node96             ...1_3_0_0_0.135 liz                    0 Q batch          
1715417.node96             ...1_3_0_0_0.136 liz                    0 Q batch          
1715418.node96             ...1_3_0_0_0.137 liz                    0 Q batch          
1715419.node96             ...1_3_0_0_0.138 liz                    0 Q batch          
1715420.node96             ...1_3_0_0_0.139 liz                    0 Q batch          
1715421.node96             ..._1_3_0_0_0.14 liz                    0 Q batch          
1715422.node96             ...1_3_0_0_0.140 liz                    0 Q batch          
1715423.node96             ...1_3_0_0_0.141 liz                    0 Q batch          
1715424.node96             ...1_3_0_0_0.142 liz                    0 Q batch          
1715425.node96             ...1_3_0_0_0.143 liz                    0 Q batch          
1715426.node96             ...1_3_0_0_0.144 liz                    0 Q batch          
1715427.node96             ...1_3_0_0_0.145 liz                    0 Q batch          
1715428.node96             ...1_3_0_0_0.146 liz                    0 Q batch          
1715429.node96             ...1_3_0_0_0.147 liz                    0 Q batch          
1715430.node96             ...1_3_0_0_0.148 liz                    0 Q batch          
1715431.node96             ...1_3_0_0_0.149 liz                    0 Q batch          
1715432.node96             ..._1_3_0_0_0.15 liz                    0 Q batch          
1715433.node96             ...1_3_0_0_0.150 liz                    0 Q batch          
1715434.node96             ...1_3_0_0_0.151 liz                    0 Q batch          
1715435.node96             ...1_3_0_0_0.152 liz                    0 Q batch          
1715436.node96             ...1_3_0_0_0.153 liz                    0 Q batch          
1715437.node96             ...1_3_0_0_0.154 liz                    0 Q batch          
1715438.node96             ...1_3_0_0_0.155 liz                    0 Q batch          
1715439.node96             ...u4RMHCpp10.sh annaliu         480:57:3 R batch          
1715462.node96             H2+2Na+45NaCl    hhk05                  0 Q batch          
1715535.node96             ...m_init_02.job macgbrown       00:00:04 R batch          
1715604.node96             Ni1Pb82liquid    vishchem        774:20:0 R batch          
1715610.node96             Pd1Pb82liquid    vishchem        768:27:3 R batch          
1715616.node96             Pt1Pb82liquid    vishchem        606:23:3 R batch          
1715626.node96             Pt1CO2Sn82liquid vishchem        701:08:4 R batch          
1715812.node96             ..._10K_D650.job jclayton        378:39:1 R batch          
1715832.node96             Pt1H1Sn82liquid  vishchem        702:26:1 R batch          
1715835.node96             Pt1H2n82liquid   vishchem        664:54:3 R batch          
1716012.node96             ..._1.00e-03.job jkbeavers       63:13:08 R batch          
1716017.node96             ..._1.00e-03.job jkbeavers       43:56:49 R batch          
1716018.node96             ..._1.00e-03.job jkbeavers       143:45:0 R batch          
1716019.node96             ..._1.00e-03.job jkbeavers       35:57:27 R batch          
1716020.node96             ..._1.00e-03.job jkbeavers       36:09:38 R batch          
1716021.node96             ..._1.54e-03.job jkbeavers       90:41:21 R batch          
1716027.node96             ..._1.54e-03.job jkbeavers       143:35:5 R batch          
1716028.node96             ..._1.54e-03.job jkbeavers              0 Q batch          
1716029.node96             ..._1.54e-03.job jkbeavers              0 Q batch          
1716030.node96             ..._2.37e-03.job jkbeavers       118:18:1 R batch          
1716036.node96             ..._2.37e-03.job jkbeavers       98:54:04 R batch          
1716037.node96             ..._2.37e-03.job jkbeavers              0 Q batch          
1716038.node96             ..._2.37e-03.job jkbeavers              0 Q batch          
1716039.node96             ..._3.65e-03.job jkbeavers       123:48:1 R batch          
1716040.node96             ..._3.65e-03.job jkbeavers       63:26:18 R batch          
1716045.node96             ..._3.65e-03.job jkbeavers       60:49:08 R batch          
1716046.node96             ..._3.65e-03.job jkbeavers              0 Q batch          
1716047.node96             ..._3.65e-03.job jkbeavers              0 Q batch          
1716048.node96             ..._5.62e-03.job jkbeavers       107:09:1 R batch          
1716049.node96             ..._5.62e-03.job jkbeavers       76:11:21 R batch          
1716050.node96             ..._5.62e-03.job jkbeavers              0 Q batch          
1716051.node96             ..._5.62e-03.job jkbeavers              0 Q batch          
1716052.node96             ..._5.62e-03.job jkbeavers              0 Q batch          
1716053.node96             ..._5.62e-03.job jkbeavers              0 Q batch          
1716054.node96             ..._5.62e-03.job jkbeavers              0 Q batch          
1716055.node96             ..._5.62e-03.job jkbeavers              0 Q batch          
1716056.node96             ..._5.62e-03.job jkbeavers              0 Q batch          
1716057.node96             ..._8.66e-03.job jkbeavers              0 Q batch          
1716058.node96             ..._8.66e-03.job jkbeavers              0 Q batch          
1716059.node96             ..._8.66e-03.job jkbeavers              0 Q batch          
1716060.node96             ..._8.66e-03.job jkbeavers              0 Q batch          
1716061.node96             ..._8.66e-03.job jkbeavers              0 Q batch          
1716062.node96             ..._8.66e-03.job jkbeavers              0 Q batch          
1716063.node96             ..._8.66e-03.job jkbeavers              0 Q batch          
1716064.node96             ..._8.66e-03.job jkbeavers              0 Q batch          
1716065.node96             ..._8.66e-03.job jkbeavers              0 Q batch          
1716066.node96             ..._1.33e-02.job jkbeavers              0 Q batch          
1716067.node96             ..._1.33e-02.job jkbeavers              0 Q batch          
1716068.node96             ..._1.33e-02.job jkbeavers              0 Q batch          
1716069.node96             ..._1.33e-02.job jkbeavers              0 Q batch          
1716070.node96             ..._1.33e-02.job jkbeavers              0 Q batch          
1716071.node96             ..._1.33e-02.job jkbeavers              0 Q batch          
1716072.node96             ..._1.33e-02.job jkbeavers              0 Q batch          
1716073.node96             ..._1.33e-02.job jkbeavers              0 Q batch          
1716074.node96             ..._1.33e-02.job jkbeavers              0 Q batch          
1716075.node96             ..._2.05e-02.job jkbeavers              0 Q batch          
1716076.node96             ..._2.05e-02.job jkbeavers              0 Q batch          
1716077.node96             ..._2.05e-02.job jkbeavers              0 Q batch          
1716078.node96             ..._2.05e-02.job jkbeavers              0 Q batch          
1716079.node96             ..._2.05e-02.job jkbeavers              0 Q batch          
1716080.node96             ..._2.05e-02.job jkbeavers              0 Q batch          
1716081.node96             ..._2.05e-02.job jkbeavers              0 Q batch          
1716082.node96             ..._2.05e-02.job jkbeavers              0 Q batch          
1716083.node96             ..._2.05e-02.job jkbeavers              0 Q batch          
1716084.node96             ..._3.16e-02.job jkbeavers              0 Q batch          
1716085.node96             ..._3.16e-02.job jkbeavers              0 Q batch          
1716086.node96             ..._3.16e-02.job jkbeavers              0 Q batch          
1716087.node96             ..._3.16e-02.job jkbeavers              0 Q batch          
1716088.node96             ..._3.16e-02.job jkbeavers              0 Q batch          
1716089.node96             ..._3.16e-02.job jkbeavers              0 Q batch          
1716090.node96             ..._3.16e-02.job jkbeavers              0 Q batch          
1716091.node96             ..._3.16e-02.job jkbeavers              0 Q batch          
1716092.node96             ..._3.16e-02.job jkbeavers              0 Q batch          
1716093.node96             ..._4.87e-02.job jkbeavers              0 Q batch          
1716094.node96             ..._4.87e-02.job jkbeavers              0 Q batch          
1716095.node96             ..._4.87e-02.job jkbeavers              0 Q batch          
1716096.node96             ..._4.87e-02.job jkbeavers              0 Q batch          
1716097.node96             ..._4.87e-02.job jkbeavers              0 Q batch          
1716098.node96             ..._4.87e-02.job jkbeavers              0 Q batch          
1716099.node96             ..._4.87e-02.job jkbeavers              0 Q batch          
1716100.node96             ..._4.87e-02.job jkbeavers              0 Q batch          
1716101.node96             ..._4.87e-02.job jkbeavers              0 Q batch          
1716102.node96             ..._7.50e-02.job jkbeavers              0 Q batch          
1716103.node96             ..._7.50e-02.job jkbeavers              0 Q batch          
1716104.node96             ..._7.50e-02.job jkbeavers              0 Q batch          
1716105.node96             ..._7.50e-02.job jkbeavers              0 Q batch          
1716106.node96             ..._7.50e-02.job jkbeavers              0 Q batch          
1716107.node96             ..._7.50e-02.job jkbeavers              0 Q batch          
1716108.node96             ..._7.50e-02.job jkbeavers              0 Q batch          
1716109.node96             ..._7.50e-02.job jkbeavers              0 Q batch          
1716110.node96             ..._7.50e-02.job jkbeavers              0 Q batch          
1716111.node96             ..._1.15e-01.job jkbeavers              0 Q batch          
1716112.node96             ..._1.15e-01.job jkbeavers              0 Q batch          
1716113.node96             ..._1.15e-01.job jkbeavers              0 Q batch          
1716114.node96             ..._1.15e-01.job jkbeavers              0 Q batch          
1716115.node96             ..._1.15e-01.job jkbeavers              0 Q batch          
1716116.node96             ..._1.15e-01.job jkbeavers              0 Q batch          
1716117.node96             ..._1.15e-01.job jkbeavers              0 Q batch          
1716118.node96             ..._1.15e-01.job jkbeavers              0 Q batch          
1716119.node96             ..._1.15e-01.job jkbeavers              0 Q batch          
1716120.node96             ..._1.78e-01.job jkbeavers              0 Q batch          
1716121.node96             ..._1.78e-01.job jkbeavers              0 Q batch          
1716122.node96             ..._1.78e-01.job jkbeavers              0 Q batch          
1716123.node96             ..._1.78e-01.job jkbeavers              0 Q batch          
1716124.node96             ..._1.78e-01.job jkbeavers              0 Q batch          
1716125.node96             ..._1.78e-01.job jkbeavers              0 Q batch          
1716126.node96             ..._1.78e-01.job jkbeavers              0 Q batch          
1716127.node96             ..._1.78e-01.job jkbeavers              0 Q batch          
1716128.node96             ..._1.78e-01.job jkbeavers              0 Q batch          
1716129.node96             ..._2.74e-01.job jkbeavers              0 Q batch          
1716130.node96             ..._2.74e-01.job jkbeavers              0 Q batch          
1716131.node96             ..._2.74e-01.job jkbeavers              0 Q batch          
1716132.node96             ..._2.74e-01.job jkbeavers              0 Q batch          
1716133.node96             ..._2.74e-01.job jkbeavers              0 Q batch          
1716134.node96             ..._2.74e-01.job jkbeavers              0 Q batch          
1716135.node96             ..._2.74e-01.job jkbeavers              0 Q batch          
1716136.node96             ..._2.74e-01.job jkbeavers              0 Q batch          
1716137.node96             ..._2.74e-01.job jkbeavers              0 Q batch          
1716138.node96             ..._4.22e-01.job jkbeavers              0 Q batch          
1716139.node96             ..._4.22e-01.job jkbeavers              0 Q batch          
1716140.node96             ..._4.22e-01.job jkbeavers              0 Q batch          
1716141.node96             ..._4.22e-01.job jkbeavers              0 Q batch          
1716142.node96             ..._4.22e-01.job jkbeavers              0 Q batch          
1716143.node96             ..._4.22e-01.job jkbeavers              0 Q batch          
1716144.node96             ..._4.22e-01.job jkbeavers              0 Q batch          
1716145.node96             ..._4.22e-01.job jkbeavers              0 Q batch          
1716146.node96             ..._4.22e-01.job jkbeavers              0 Q batch          
1716147.node96             ..._6.49e-01.job jkbeavers              0 Q batch          
1716148.node96             ..._6.49e-01.job jkbeavers              0 Q batch          
1716149.node96             ..._6.49e-01.job jkbeavers              0 Q batch          
1716150.node96             ..._6.49e-01.job jkbeavers              0 Q batch          
1716151.node96             ..._6.49e-01.job jkbeavers              0 Q batch          
1716152.node96             ..._6.49e-01.job jkbeavers              0 Q batch          
1716153.node96             ..._6.49e-01.job jkbeavers              0 Q batch          
1716154.node96             ..._6.49e-01.job jkbeavers              0 Q batch          
1716155.node96             ..._6.49e-01.job jkbeavers              0 Q batch          
1716156.node96             ..._1.00e+00.job jkbeavers              0 Q batch          
1716157.node96             ..._1.00e+00.job jkbeavers              0 Q batch          
1716158.node96             ..._1.00e+00.job jkbeavers              0 Q batch          
1716159.node96             ..._1.00e+00.job jkbeavers              0 Q batch          
1716160.node96             ..._1.00e+00.job jkbeavers              0 Q batch          
1716161.node96             ..._1.00e+00.job jkbeavers              0 Q batch          
1716162.node96             ..._1.00e+00.job jkbeavers              0 Q batch          
1716163.node96             ..._1.00e+00.job jkbeavers              0 Q batch          
1716164.node96             ..._1.00e+00.job jkbeavers              0 Q batch          
1716177.node96             AgCl+45LiCl      hhk05                  0 Q batch          
1716381.node96             2014b.job        cmrudorff       271:57:0 R batch          
1716492.node96             job              ajer95          00:00:07 R batch          
1716513.node96             ..._s1minNEW.job sboldissar      308:22:0 R largemem       
1716532.node96             SrSnO_001_5uc.sh honggyukim      25:26:25 R batch          
1716539.node96             ...001_1uc_RT.sh honggyukim      25:16:49 R batch          
1716540.node96             ...001_2uc_RT.sh honggyukim      25:16:44 R batch          
1716541.node96             ...001_3uc_RT.sh honggyukim      25:10:00 R batch          
1716542.node96             ...001_4uc_RT.sh honggyukim      25:15:58 R batch          
1716543.node96             ...001_5uc_RT.sh honggyukim      25:15:55 R batch          
1716556.node96             training_5.job   bengriffy       212:49:2 R medmem         
1716588.node96             N2+2Li+45LiCl_s2 hhk05                  0 Q batch          
1716662.node96             ...e_Sweep_25.sh nikita          05:08:20 R lumerical      
1716663.node96             ...e_Sweep_26.sh nikita          05:05:54 R lumerical      
1716664.node96             ...e_Sweep_27.sh nikita          04:42:37 R lumerical      
1716665.node96             ...e_Sweep_28.sh nikita          04:40:09 R lumerical      
1716666.node96             ...e_Sweep_29.sh nikita          03:48:24 R lumerical      
1716667.node96             ...re_Sweep_2.sh nikita          01:10:07 R lumerical      
1716668.node96             ...e_Sweep_30.sh nikita          00:52:46 R lumerical      
1716669.node96             ...e_Sweep_31.sh nikita                 0 Q lumerical      
1716670.node96             ...e_Sweep_32.sh nikita                 0 Q lumerical      
1716671.node96             ...e_Sweep_33.sh nikita                 0 Q lumerical      
1716672.node96             ...e_Sweep_34.sh nikita                 0 Q lumerical      
1716673.node96             ...e_Sweep_35.sh nikita                 0 Q lumerical      
1716674.node96             ...e_Sweep_36.sh nikita                 0 Q lumerical      
1716675.node96             ...e_Sweep_37.sh nikita                 0 Q lumerical      
1716676.node96             ...e_Sweep_38.sh nikita                 0 Q lumerical      
1716677.node96             ...e_Sweep_39.sh nikita                 0 Q lumerical      
1716678.node96             ...re_Sweep_3.sh nikita                 0 Q lumerical      
1716679.node96             ...e_Sweep_40.sh nikita                 0 Q lumerical      
1716680.node96             ...e_Sweep_41.sh nikita                 0 Q lumerical      
1716682.node96             ...re_Sweep_4.sh nikita                 0 Q lumerical      
1716683.node96             ...re_Sweep_5.sh nikita                 0 Q lumerical      
1716684.node96             ...re_Sweep_6.sh nikita                 0 Q lumerical      
1716686.node96             ...re_Sweep_7.sh nikita                 0 Q lumerical      
1716687.node96             ...re_Sweep_8.sh nikita                 0 Q lumerical      
1716688.node96             ...re_Sweep_9.sh nikita                 0 Q lumerical      
1716691.node96             ...e_Sweep_10.sh nikita                 0 Q lumerical      
1716692.node96             ...e_Sweep_11.sh nikita                 0 Q lumerical      
1716693.node96             ...e_Sweep_12.sh nikita                 0 Q lumerical      
1716694.node96             ...e_Sweep_13.sh nikita                 0 Q lumerical      
1716695.node96             ...e_Sweep_14.sh nikita                 0 Q lumerical      
1716696.node96             ...e_Sweep_15.sh nikita                 0 Q lumerical      
1716697.node96             ...e_Sweep_16.sh nikita                 0 Q lumerical      
1716699.node96             ...e_Sweep_17.sh nikita                 0 Q lumerical      
1716700.node96             ...e_Sweep_18.sh nikita                 0 Q lumerical      
1716701.node96             ...e_Sweep_19.sh nikita                 0 Q lumerical      
1716702.node96             ...re_Sweep_1.sh nikita                 0 Q lumerical      
1716703.node96             ...e_Sweep_20.sh nikita                 0 Q lumerical      
1716704.node96             ...e_Sweep_21.sh nikita                 0 Q lumerical      
1716705.node96             ...e_Sweep_22.sh nikita                 0 Q lumerical      
1716706.node96             ...e_Sweep_23.sh nikita                 0 Q lumerical      
1716707.node96             ...e_Sweep_24.sh nikita                 0 Q lumerical      
1716708.node96             ...e_Sweep_25.sh nikita                 0 Q lumerical      
1716709.node96             ...e_Sweep_26.sh nikita                 0 Q lumerical      
1716710.node96             ...e_Sweep_27.sh nikita                 0 Q lumerical      
1716711.node96             ...e_Sweep_28.sh nikita                 0 Q lumerical      
1716712.node96             ...e_Sweep_29.sh nikita                 0 Q lumerical      
1716713.node96             ...re_Sweep_2.sh nikita                 0 Q lumerical      
1716714.node96             ...e_Sweep_30.sh nikita                 0 Q lumerical      
1716715.node96             ...e_Sweep_31.sh nikita                 0 Q lumerical      
1716716.node96             ...e_Sweep_32.sh nikita                 0 Q lumerical      
1716717.node96             ...e_Sweep_33.sh nikita                 0 Q lumerical      
1716718.node96             ...e_Sweep_34.sh nikita                 0 Q lumerical      
1716719.node96             ...e_Sweep_35.sh nikita                 0 Q lumerical      
1716720.node96             ...e_Sweep_36.sh nikita                 0 Q lumerical      
1716721.node96             ...e_Sweep_37.sh nikita                 0 Q lumerical      
1716722.node96             ...e_Sweep_38.sh nikita                 0 Q lumerical      
1716723.node96             ...e_Sweep_39.sh nikita                 0 Q lumerical      
1716724.node96             ...re_Sweep_3.sh nikita                 0 Q lumerical      
1716725.node96             ...e_Sweep_40.sh nikita                 0 Q lumerical      
1716726.node96             ...e_Sweep_41.sh nikita                 0 Q lumerical      
1716727.node96             ...re_Sweep_4.sh nikita                 0 Q lumerical      
1716728.node96             ...re_Sweep_5.sh nikita                 0 Q lumerical      
1716729.node96             ...re_Sweep_6.sh nikita                 0 Q lumerical      
1716730.node96             ...re_Sweep_7.sh nikita                 0 Q lumerical      
1716731.node96             ...re_Sweep_8.sh nikita                 0 Q lumerical      
1716732.node96             ...re_Sweep_9.sh nikita                 0 Q lumerical      
1717180.node96             namdfiles        ncharest        174:01:0 R batch          
1717206.node96             ...mail.ucsb.edu galaxy2                0 Q largemem       
1717219.node96             namdfiles        ncharest        164:46:4 R batch          
1717224.node96             job              ajer95          224:21:3 R batch          
1717227.node96             ...ctype.default rrhein          119:20:1 R batch          
1717228.node96             ...ctype.default rrhein          102:06:4 R batch          
1717229.node96             ...ctype.default rrhein          95:47:02 R batch          
1717230.node96             ...ctype.default rrhein                 0 Q batch          
1717231.node96             ...ctype.default rrhein                 0 Q batch          
1717232.node96             ...ctype.default rrhein                 0 Q batch          
1717244.node96             namdfiles        ncharest        156:20:0 R batch          
1717265.node96             s1min_dft.job    sboldissar      236:36:5 R largemem       
1718718.node96             ...agicblast.job desramirez      12:32:58 R medmem         
1718724.node96             ...agicblast.job desramirez      12:14:25 R medmem         
1718725.node96             ...agicblast.job desramirez      12:06:49 R medmem         
1718726.node96             ...agicblast.job desramirez      12:08:26 R medmem         
1718727.node96             ...agicblast.job desramirez      09:02:22 R medmem         
1718728.node96             ...agicblast.job desramirez      10:50:53 R medmem         
1718729.node96             ...agicblast.job desramirez             0 R medmem         
1718730.node96             ...agicblast.job desramirez             0 R medmem         
1718731.node96             ...agicblast.job desramirez      12:06:03 R medmem         
1718732.node96             ...agicblast.job desramirez      12:08:09 R medmem         
1718733.node96             ...agicblast.job desramirez      12:24:24 R medmem         
1718734.node96             ...agicblast.job desramirez      12:23:12 R medmem         
1718735.node96             ...agicblast.job desramirez      12:24:41 R medmem         
1718739.node96             ...ne-alkene.job lmzhang         11:51:48 R batch          
1718748.node96             ..._10K_D600.job jclayton        19:37:00 R batch          
1718749.node96             ..._10K_D600.job jclayton        23:27:39 R batch          
1718751.node96             ...z_5K_D600.job jclayton        13:25:13 R batch          
1718752.node96             ..._10K_D550.job jclayton        19:46:29 R batch          
1718754.node96             ..._10K_D550.job jclayton        11:36:18 R batch          
1718759.node96             ...z_5K_D550.job jclayton               0 Q batch          
1718765.node96             parajob.submit   weiluo0001      21:05:47 R batch          
1718770.node96             otjs_new.job     bengriffy       01:38:41 R medmem         
1718779.node96             184703           mihir           03:59:01 C batch          
1718780.node96             184708           mihir           03:53:12 C batch          
1718782.node96             184705           mihir           03:46:08 C batch          
1718783.node96             ...Mes_B3LYP.job nori            00:37:52 R batch          
1718784.node96             ...4TH_B3LYP.job nori            00:37:54 R batch          
1718789.node96             FDTD             bowen                  0 Q batch          
1718792.node96             TTR7.job         chengzhou       11:27:58 R largemem       
1718794.node96             ...from-edge.job mishel                 0 Q batch          
1718795.node96             ...-breaking.job mishel                 0 Q batch          
1718799.node96             chgsum           vishchem        01:26:00 R batch          
1718800.node96             chgsum           vishchem        01:40:32 R batch          
1718801.node96             chgsum           vishchem        01:22:31 R batch          
1718802.node96             ...alkene-C3.job lmzhang         01:32:31 R batch          
1718805.node96             chgsum           vishchem        00:52:00 R batch          
1718808.node96             isc8S_1.job      sboldissar      01:48:51 R largemem       
1718809.node96             isc8S_2.job      sboldissar      01:30:01 R largemem       
1718810.node96             ...yne-amide.job lmzhang         00:47:40 R batch          
1718811.node96             isc8S_3.job      sboldissar             0 Q largemem       
1718812.node96             isc8S_4.job      sboldissar             0 Q largemem       
1718813.node96             isc8S_5.job      sboldissar             0 Q largemem       
1718814.node96             isc8S_6.job      sboldissar             0 Q largemem       
1718815.node96             isc8S_7.job      sboldissar             0 Q largemem       
1718816.node96             isc8S_8.job      sboldissar             0 Q largemem       
1718817.node96             isc8S_9.job      sboldissar             0 Q largemem       
1718818.node96             isc8T_10.job     sboldissar             0 Q largemem       
1718819.node96             isc8T_11.job     sboldissar             0 Q largemem       
1718820.node96             isc8T_1.job      sboldissar             0 Q largemem       
1718821.node96             isc8T_2.job      sboldissar             0 Q largemem       
1718822.node96             isc8T_3.job      sboldissar             0 Q largemem       
1718823.node96             isc8T_4.job      sboldissar             0 Q largemem       
1718824.node96             isc8T_5.job      sboldissar             0 Q largemem       
1718825.node96             isc8T_6.job      sboldissar             0 Q largemem       
1718826.node96             isc8T_7.job      sboldissar             0 Q largemem       
1718827.node96             isc8T_8.job      sboldissar             0 Q largemem       
1718828.node96             isc8T_9.job      sboldissar             0 Q largemem       
